<?xml version="1.0" encoding="UTF-8"?>
<!-- Generated by org.testng.reporters.JUnitXMLReporter -->
<testsuite ignored="0" hostname="Jubin" failures="0" tests="8" name="Test" time="119.486" errors="0" timestamp="2024-10-04T18:27:21 IST">
  <testcase classname="TestPkg.loginTest" name="logintest1" time="4.891"/>
  <testcase classname="TestPkg.registerTest" name="reg" time="4.048"/>
  <testcase classname="TestPkg.search1Test" name="seacrching" time="1.537"/>
  <testcase classname="TestPkg.searchItem" name="search" time="12.728"/>
  <testcase classname="TestPkg.homeTest" name="menuSelcetionTest" time="8.719"/>
  <testcase classname="TestPkg.buyItemTest" name="buyItem" time="11.499"/>
  <testcase classname="TestPkg.buyItemFromMainTest" name="buy" time="3.466"/>
  <testcase classname="TestPkg.footerTest" name="footer" time="13.851"/>
</testsuite> <!-- Test -->
